17:38:30.861 [main] INFO  org.testng.internal.Utils - [TestNG] Running:
  C:\Users\Admin\eclipse-workspace\belgiumcut\KSPL_Attendance\grid-docker.xml

17:38:36.489 [main] INFO  testCases.TC001_LoginTest - ***** Starting TC001_LoginTest *****
17:38:49.891 [main] INFO  testCases.TC001_LoginTest - ***** Finished TC001_LoginTest *****
17:45:37.238 [main] INFO  testCases.TC002_LoginDDT - ***** Starting TC002_LoginDDT *****
17:45:56.679 [main] INFO  testCases.TC002_LoginDDT - ***** Finished TC002_LoginDDT *****
17:45:56.712 [main] INFO  testCases.TC002_LoginDDT - ***** Starting TC002_LoginDDT *****
17:46:16.777 [main] INFO  testCases.TC002_LoginDDT - ***** Starting TC002_LoginDDT *****
17:46:29.726 [main] INFO  testCases.TC002_LoginDDT - ***** Finished TC002_LoginDDT *****
17:46:29.726 [main] INFO  testCases.TC002_LoginDDT - ***** Starting TC002_LoginDDT *****
17:46:42.395 [main] INFO  testCases.TC002_LoginDDT - ***** Finished TC002_LoginDDT *****
17:46:42.395 [main] INFO  testCases.TC002_LoginDDT - ***** Starting TC002_LoginDDT *****
17:46:55.105 [main] INFO  testCases.TC002_LoginDDT - ***** Finished TC002_LoginDDT *****
17:49:52.238 [main] INFO  testCases.TC002_LoginDDT - ***** Starting TC002_LoginDDT *****
17:50:12.575 [main] INFO  testCases.TC002_LoginDDT - ***** Finished TC002_LoginDDT *****
17:50:12.594 [main] INFO  testCases.TC002_LoginDDT - ***** Starting TC002_LoginDDT *****
17:50:32.577 [main] INFO  testCases.TC002_LoginDDT - ***** Starting TC002_LoginDDT *****
17:50:45.612 [main] INFO  testCases.TC002_LoginDDT - ***** Finished TC002_LoginDDT *****
17:50:45.612 [main] INFO  testCases.TC002_LoginDDT - ***** Starting TC002_LoginDDT *****
17:50:58.276 [main] INFO  testCases.TC002_LoginDDT - ***** Finished TC002_LoginDDT *****
17:50:58.276 [main] INFO  testCases.TC002_LoginDDT - ***** Starting TC002_LoginDDT *****
17:51:10.939 [main] INFO  testCases.TC002_LoginDDT - ***** Finished TC002_LoginDDT *****
08:49:11.771 [main] INFO  org.testng.internal.Utils - [TestNG] Running:
  C:\Users\Admin\eclipse-workspace\belgiumcut\KSPL_Attendance\grid-docker.xml

08:49:16.382 [main] INFO  testCases.TC001_LoginTest - ***** Starting TC001_LoginTest *****
08:49:28.439 [main] INFO  testCases.TC001_LoginTest - ***** Finished TC001_LoginTest *****
08:58:00.163 [main] INFO  org.testng.internal.Utils - [TestNG] Running:
  C:\Users\Admin\eclipse-workspace\belgiumcut\KSPL_Attendance\grid-docker.xml

08:58:03.519 [main] INFO  testCases.TC001_LoginTest - ***** Starting TC001_LoginTest *****
08:58:14.617 [main] INFO  testCases.TC001_LoginTest - ***** Finished TC001_LoginTest *****
09:20:02.438 [main] INFO  org.testng.internal.Utils - [TestNG] Running:
  C:\Users\Admin\eclipse-workspace\belgiumcut\KSPL_Attendance\grid-docker.xml

09:20:06.479 [main] INFO  testCases.TC001_LoginTest - ***** Starting TC001_LoginTest *****
09:20:18.990 [main] INFO  testCases.TC001_LoginTest - ***** Finished TC001_LoginTest *****
09:21:02.857 [main] INFO  org.testng.internal.Utils - [TestNG] Running:
  C:\Users\Admin\eclipse-workspace\belgiumcut\KSPL_Attendance\grid-docker.xml

09:21:05.779 [main] INFO  testCases.TC001_LoginTest - ***** Starting TC001_LoginTest *****
09:21:17.879 [main] INFO  testCases.TC001_LoginTest - ***** Finished TC001_LoginTest *****
09:21:19.991 [main] INFO  testCases.TC003_CreateUserTest - ***** TC003_CreateUserTest *****
09:21:36.138 [main] INFO  testCases.TC003_CreateUserTest - ***** Finished TC003_CreateUserTest *****
09:26:33.523 [main] INFO  org.testng.internal.Utils - [TestNG] Running:
  C:\Users\Admin\eclipse-workspace\belgiumcut\KSPL_Attendance\grid-docker.xml

09:26:40.350 [main] INFO  testCases.TC001_LoginTest - ***** Starting TC001_LoginTest *****
09:26:52.867 [main] INFO  testCases.TC001_LoginTest - ***** Finished TC001_LoginTest *****
09:28:38.835 [main] INFO  org.testng.internal.Utils - [TestNG] Running:
  C:\Users\Admin\eclipse-workspace\belgiumcut\KSPL_Attendance\grid-docker.xml

09:30:38.298 [main] INFO  org.testng.internal.Utils - [TestNG] Running:
  C:\Users\Admin\eclipse-workspace\belgiumcut\KSPL_Attendance\grid-docker.xml

09:31:49.845 [main] INFO  testCases.TC001_LoginTest - ***** Starting TC001_LoginTest *****
09:32:03.043 [main] INFO  testCases.TC001_LoginTest - ***** Finished TC001_LoginTest *****
09:37:35.241 [main] INFO  org.testng.internal.Utils - [TestNG] Running:
  C:\Users\Admin\eclipse-workspace\belgiumcut\KSPL_Attendance\grid-docker.xml

09:37:50.658 [main] INFO  testCases.TC001_LoginTest - ***** Starting TC001_LoginTest *****
09:37:59.540 [main] INFO  testCases.TC001_LoginTest - ***** Finished TC001_LoginTest *****
09:41:24.526 [main] INFO  org.testng.internal.Utils - [TestNG] Running:
  C:\Users\Admin\eclipse-workspace\belgiumcut\KSPL_Attendance\grid-docker.xml

09:43:11.495 [main] INFO  testCases.TC001_LoginTest - ***** Starting TC001_LoginTest *****
09:43:20.559 [main] INFO  testCases.TC001_LoginTest - ***** Finished TC001_LoginTest *****
09:47:40.857 [main] INFO  testCases.TC002_LoginDDT - ***** Starting TC002_LoginDDT *****
09:47:59.726 [main] INFO  testCases.TC002_LoginDDT - ***** Finished TC002_LoginDDT *****
09:47:59.749 [main] INFO  testCases.TC002_LoginDDT - ***** Starting TC002_LoginDDT *****
09:48:19.444 [main] INFO  testCases.TC002_LoginDDT - ***** Starting TC002_LoginDDT *****
09:48:32.861 [main] INFO  testCases.TC002_LoginDDT - ***** Finished TC002_LoginDDT *****
09:48:32.862 [main] INFO  testCases.TC002_LoginDDT - ***** Starting TC002_LoginDDT *****
09:48:45.373 [main] INFO  testCases.TC002_LoginDDT - ***** Finished TC002_LoginDDT *****
09:48:45.374 [main] INFO  testCases.TC002_LoginDDT - ***** Starting TC002_LoginDDT *****
09:48:57.896 [main] INFO  testCases.TC002_LoginDDT - ***** Finished TC002_LoginDDT *****
09:53:59.166 [main] INFO  org.testng.internal.Utils - [TestNG] Running:
  C:\Users\Admin\eclipse-workspace\belgiumcut\KSPL_Attendance\master.xml

09:54:03.258 [main] INFO  testCases.TC001_LoginTest - ***** Starting TC001_LoginTest *****
09:54:06.877 [main] INFO  testCases.TC001_LoginTest - ***** Finished TC001_LoginTest *****
09:55:02.439 [main] INFO  testCases.TC001_LoginTest - ***** Starting TC001_LoginTest *****
09:55:06.368 [main] INFO  testCases.TC001_LoginTest - ***** Finished TC001_LoginTest *****
09:57:06.691 [main] INFO  org.testng.internal.Utils - [TestNG] Running:
  C:\Users\Admin\eclipse-workspace\belgiumcut\KSPL_Attendance\master.xml

09:57:09.641 [main] INFO  testCases.TC001_LoginTest - ***** Starting TC001_LoginTest *****
09:57:13.241 [main] INFO  testCases.TC001_LoginTest - ***** Finished TC001_LoginTest *****
09:58:18.872 [main] INFO  org.testng.internal.Utils - [TestNG] Running:
  C:\Users\Admin\eclipse-workspace\belgiumcut\KSPL_Attendance\master.xml

09:58:21.680 [main] INFO  testCases.TC001_LoginTest - ***** Starting TC001_LoginTest *****
09:58:25.220 [main] INFO  testCases.TC001_LoginTest - ***** Finished TC001_LoginTest *****
09:59:44.226 [main] INFO  org.testng.internal.Utils - [TestNG] Running:
  C:\Users\Admin\eclipse-workspace\belgiumcut\KSPL_Attendance\master.xml

09:59:46.614 [main] INFO  testCases.TC001_LoginTest - ***** Starting TC001_LoginTest *****
10:01:15.851 [main] INFO  org.testng.internal.Utils - [TestNG] Running:
  C:\Users\Admin\eclipse-workspace\belgiumcut\KSPL_Attendance\test-output\testng-failed.xml

10:01:18.250 [main] INFO  testCases.TC001_LoginTest - ***** Starting TC001_LoginTest *****
10:01:29.381 [main] INFO  testCases.TC001_LoginTest - ***** Finished TC001_LoginTest *****
10:05:09.157 [main] INFO  testCases.TC001_LoginTest - ***** Starting TC001_LoginTest *****
10:05:20.979 [main] INFO  testCases.TC001_LoginTest - ***** Finished TC001_LoginTest *****
10:34:44.891 [main] INFO  org.testng.internal.Utils - [TestNG] Running:
  C:\Users\Admin\eclipse-workspace\belgiumcut\KSPL_Attendance\master.xml

10:34:49.030 [main] INFO  testCases.TC001_LoginTest - ***** Starting TC001_LoginTest *****
10:34:59.374 [main] INFO  testCases.TC001_LoginTest - ***** Finished TC001_LoginTest *****
